2021-02-19 14:12:05:125 [37mdebug[39m: [37mServer running on http://localhost:3333[39m
2021-02-19 14:12:13:1213 [37mdebug[39m: [37mServer running on http://localhost:3333[39m
2021-02-19 14:39:01:391 [37mdebug[39m: [37mServer running on http://localhost:3333[39m
2021-02-19 14:57:11:5711 [37mdebug[39m: [37mServer running on http://localhost:3333[39m
2021-02-19 14:57:42:5742 [37mdebug[39m: [37mServer running on http://localhost:3333[39m
2021-02-19 14:58:53:5853 [37mdebug[39m: [37mServer running on http://localhost:3333[39m
2021-02-19 15:00:34:034 [37mdebug[39m: [37mServer running on http://localhost:3333[39m
2021-02-19 15:00:39:039 [37mdebug[39m: [37mServer running on http://localhost:3333[39m
2021-02-19 15:01:50:150 [37mdebug[39m: [37mServer running on http://localhost:3333[39m
2021-02-19 16:02:54:254 [37mdebug[39m: [37mServer running on http://localhost:3333[39m
2021-02-19 16:03:12:312 [37mdebug[39m: [37mServer running on http://localhost:3333[39m
2021-02-19 16:06:36:636 [37mdebug[39m: [37mServer running on http://localhost:3333[39m
2021-02-19 16:07:32:732 [37mdebug[39m: [37mServer running on http://localhost:3333[39m
2021-02-19 18:35:10:3510 [37mdebug[39m: [37mServer running on http://localhost:3333[39m
2021-02-19 18:36:31:3631 [37mdebug[39m: [37mServer running on http://localhost:3333[39m
2021-02-19 18:41:38:4138 [37mdebug[39m: [37mServer running on http://localhost:3333[39m
2021-02-19 18:41:55:4155 [37mdebug[39m: [37mServer running on http://localhost:3333[39m
2021-02-19 18:42:05:425 [37mdebug[39m: [37mServer running on http://localhost:3333[39m
2021-02-19 18:56:42:5642 [37mdebug[39m: [37mServer running on http://localhost:3333[39m
2021-02-19 18:57:20:5720 [37mdebug[39m: [37mServer running on http://localhost:3333[39m
2021-02-19 19:05:13:513 [37mdebug[39m: [37mServer running on http://localhost:3333[39m
2021-02-19 19:17:54:1754 [37mdebug[39m: [37mServer running on http://localhost:3333[39m
2021-02-19 19:18:27:1827 [37mdebug[39m: [37mServer running on http://localhost:3333[39m
2021-02-19 19:19:58:1958 [37mdebug[39m: [37mServer running on http://localhost:3333[39m
2021-02-19 19:21:54:2154 [37mdebug[39m: [37mServer running on http://localhost:3333[39m
2021-02-19 19:22:10:2210 [37mdebug[39m: [37mServer running on http://localhost:3333[39m
2021-02-19 19:22:38:2238 [37mdebug[39m: [37mServer running on http://localhost:3333[39m
2021-02-19 19:24:02:242 [37mdebug[39m: [37mServer running on http://localhost:3333[39m
2021-02-19 19:24:09:249 [37mdebug[39m: [37mServer running on http://localhost:3333[39m
2021-02-19 19:24:40:2440 [37mdebug[39m: [37mServer running on http://localhost:3333[39m
2021-02-19 19:24:42:2442 [31merror[39m: [31minvalid expiresIn option for string payload[39m
2021-02-19 19:26:40:2640 [37mdebug[39m: [37mServer running on http://localhost:3333[39m
2021-02-19 19:27:02:272 [31merror[39m: [31mCredenciais inválidas[39m
2021-02-19 19:27:24:2724 [37mdebug[39m: [37mServer running on http://localhost:3333[39m
2021-02-19 19:27:26:2726 [31merror[39m: [31mCredenciais inválidas[39m
2021-02-19 19:28:12:2812 [31merror[39m: [31mCredenciais invalidas[39m
2021-02-19 19:29:07:297 [37mdebug[39m: [37mServer running on http://localhost:3333[39m
2021-02-19 19:30:03:303 [31merror[39m: [31mCredenciais inválidas[39m
2021-02-19 19:32:24:3224 [37mdebug[39m: [37mServer running on http://localhost:3333[39m
2021-02-19 19:32:41:3241 [31merror[39m: [31mUsuário inativo[39m
2021-02-19 19:38:10:3810 [37mdebug[39m: [37mServer running on http://localhost:3333[39m
2021-02-19 19:41:30:4130 [37mdebug[39m: [37mServer running on http://localhost:3333[39m
2021-02-19 19:44:57:4457 [37mdebug[39m: [37mServer running on http://localhost:3333[39m
2021-02-19 19:45:44:4544 [37mdebug[39m: [37mServer running on http://localhost:3333[39m
2021-02-19 19:46:23:4623 [37mdebug[39m: [37mServer running on http://localhost:3333[39m
2021-02-19 19:47:28:4728 [31merror[39m: [31mUsuário inativo[39m
2021-02-19 20:00:39:039 [31merror[39m: [31mUsuário não encontrado[39m
2021-02-20 17:32:35:3235 [37mdebug[39m: [37mServer running on http://localhost:3333[39m
2021-02-20 18:02:01:21 [37mdebug[39m: [37mServer running on http://localhost:3333[39m
2021-02-20 18:02:04:24 [37mdebug[39m: [37mServer running on http://localhost:3333[39m
2021-02-20 18:02:12:212 [37mdebug[39m: [37mServer running on http://localhost:3333[39m
2021-02-20 18:03:01:31 [37mdebug[39m: [37mServer running on http://localhost:3333[39m
2021-02-20 18:03:26:326 [37mdebug[39m: [37mServer running on http://localhost:3333[39m
2021-02-20 18:03:50:350 [37mdebug[39m: [37mServer running on http://localhost:3333[39m
2021-02-20 18:04:43:443 [37mdebug[39m: [37mServer running on http://localhost:3333[39m
2021-02-20 18:06:27:627 [37mdebug[39m: [37mServer running on http://localhost:3333[39m
2021-02-20 18:37:32:3732 [37mdebug[39m: [37mServer running on http://localhost:3333[39m
2021-02-20 18:37:35:3735 [37mdebug[39m: [37mServer running on http://localhost:3333[39m
2021-02-20 18:37:58:3758 [37mdebug[39m: [37mServer running on http://localhost:3333[39m
2021-02-20 18:39:11:3911 [37mdebug[39m: [37mServer running on http://localhost:3333[39m
2021-02-20 18:52:23:5223 [37mdebug[39m: [37mServer running on http://localhost:3333[39m
2021-02-20 18:53:03:533 [37mdebug[39m: [37mServer running on http://localhost:3333[39m
2021-02-20 18:53:26:5326 [37mdebug[39m: [37mServer running on http://localhost:3333[39m
2021-02-20 18:54:39:5439 [31merror[39m: [31mnull value in column "code" violates not-null constraint[39m
2021-02-20 18:56:45:5645 [37mdebug[39m: [37mServer running on http://localhost:3333[39m
2021-02-20 18:57:32:5732 [31merror[39m: [31mduplicate key value violates unique constraint "UQ_97672ac88f789774dd47f7c8be3"[39m
2021-02-20 19:04:56:456 [37mdebug[39m: [37mServer running on http://localhost:3333[39m
2021-02-20 19:05:14:514 [37mdebug[39m: [37mServer running on http://localhost:3333[39m
2021-02-20 19:07:28:728 [37mdebug[39m: [37mServer running on http://localhost:3333[39m
2021-02-20 19:07:49:749 [37mdebug[39m: [37mServer running on http://localhost:3333[39m
2021-02-20 19:07:54:754 [37mdebug[39m: [37mServer running on http://localhost:3333[39m
2021-02-20 19:08:04:84 [31merror[39m: [31mCliente já cadastrado[39m
2021-02-20 19:08:13:813 [31merror[39m: [31mUsuário já cadastrado[39m
2021-02-20 19:14:09:149 [37mdebug[39m: [37mServer running on http://localhost:3333[39m
2021-02-20 19:22:26:2226 [37mdebug[39m: [37mServer running on http://localhost:3333[39m
2021-02-20 19:23:08:238 [37mdebug[39m: [37mServer running on http://localhost:3333[39m
2021-02-20 19:23:33:2333 [37mdebug[39m: [37mServer running on http://localhost:3333[39m
2021-02-20 19:23:57:2357 [37mdebug[39m: [37mServer running on http://localhost:3333[39m
2021-02-20 19:24:53:2453 [31merror[39m: [31mCliente não encontrado[39m
2021-02-20 19:26:53:2653 [37mdebug[39m: [37mServer running on http://localhost:3333[39m
2021-02-20 19:27:33:2733 [31merror[39m: [31mEmail já se encontra em uso[39m
2021-02-20 19:29:18:2918 [37mdebug[39m: [37mServer running on http://localhost:3333[39m
2021-02-20 19:34:37:3437 [37mdebug[39m: [37mServer running on http://localhost:3333[39m
2021-02-20 19:36:55:3655 [37mdebug[39m: [37mServer running on http://localhost:3333[39m
2021-02-20 19:37:01:371 [37mdebug[39m: [37mServer running on http://localhost:3333[39m
2021-02-20 19:55:32:5532 [37mdebug[39m: [37mServer running on http://localhost:3333[39m
2021-02-20 19:56:12:5612 [37mdebug[39m: [37mServer running on http://localhost:3333[39m
2021-02-20 19:58:56:5856 [37mdebug[39m: [37mServer running on http://localhost:3333[39m
2021-02-20 19:59:35:5935 [37mdebug[39m: [37mServer running on http://localhost:3333[39m
2021-02-20 20:09:01:91 [37mdebug[39m: [37mServer running on http://localhost:3333[39m
2021-02-20 20:12:24:1224 [31merror[39m: [31mEste email já se encontra em uso[39m
2021-02-20 20:13:40:1340 [31merror[39m: [31mEste email já se encontra em uso[39m
2021-02-20 20:16:31:1631 [31merror[39m: [31mEste email já se encontra em uso[39m
2021-02-20 20:16:42:1642 [31merror[39m: [31mEste email já se encontra em uso[39m
2021-02-20 20:17:06:176 [37mdebug[39m: [37mServer running on http://localhost:3333[39m
2021-02-20 20:17:09:179 [31merror[39m: [31mEste email já se encontra em uso[39m
2021-02-20 20:17:21:1721 [37mdebug[39m: [37mServer running on http://localhost:3333[39m
2021-02-20 20:17:36:1736 [37mdebug[39m: [37mServer running on http://localhost:3333[39m
2021-02-20 20:17:45:1745 [31merror[39m: [31mEste email já se encontra em uso[39m
2021-02-20 20:18:06:186 [37mdebug[39m: [37mServer running on http://localhost:3333[39m
2021-02-20 20:18:08:188 [31merror[39m: [31mEste email já se encontra em uso[39m
2021-02-20 20:18:16:1816 [37mdebug[39m: [37mServer running on http://localhost:3333[39m
2021-02-20 20:18:17:1817 [31merror[39m: [31mEste email já se encontra em uso[39m
2021-02-20 20:18:32:1832 [37mdebug[39m: [37mServer running on http://localhost:3333[39m
2021-02-20 20:18:45:1845 [37mdebug[39m: [37mServer running on http://localhost:3333[39m
2021-02-20 20:20:51:2051 [37mdebug[39m: [37mServer running on http://localhost:3333[39m
2021-02-20 20:20:53:2053 [37mdebug[39m: [37mServer running on http://localhost:3333[39m
2021-02-20 20:21:40:2140 [37mdebug[39m: [37mServer running on http://localhost:3333[39m
2021-02-20 20:22:02:222 [37mdebug[39m: [37mServer running on http://localhost:3333[39m
2021-02-20 20:23:18:2318 [37mdebug[39m: [37mServer running on http://localhost:3333[39m
2021-02-20 20:23:19:2319 [37mdebug[39m: [37mServer running on http://localhost:3333[39m
2021-02-20 20:23:20:2320 [37mdebug[39m: [37mServer running on http://localhost:3333[39m
2021-02-20 20:23:50:2350 [37mdebug[39m: [37mServer running on http://localhost:3333[39m
2021-02-20 20:23:58:2358 [37mdebug[39m: [37mServer running on http://localhost:3333[39m
2021-02-20 20:24:58:2458 [31merror[39m: [31mEste email já se encontra em uso[39m
2021-02-20 20:29:48:2948 [37mdebug[39m: [37mServer running on http://localhost:3333[39m
2021-02-20 20:31:56:3156 [37mdebug[39m: [37mServer running on http://localhost:3333[39m
2021-02-20 20:32:30:3230 [37mdebug[39m: [37mServer running on http://localhost:3333[39m
2021-02-20 20:32:38:3238 [37mdebug[39m: [37mServer running on http://localhost:3333[39m
2021-02-20 20:33:21:3321 [37mdebug[39m: [37mServer running on http://localhost:3333[39m
2021-02-20 20:34:05:345 [37mdebug[39m: [37mServer running on http://localhost:3333[39m
2021-02-20 20:34:52:3452 [37mdebug[39m: [37mServer running on http://localhost:3333[39m
2021-02-20 20:35:51:3551 [37mdebug[39m: [37mServer running on http://localhost:3333[39m
2021-02-20 20:36:55:3655 [37mdebug[39m: [37mServer running on http://localhost:3333[39m
2021-02-20 20:38:15:3815 [37mdebug[39m: [37mServer running on http://localhost:3333[39m
2021-02-20 20:38:41:3841 [37mdebug[39m: [37mServer running on http://localhost:3333[39m
2021-02-20 20:41:31:4131 [37mdebug[39m: [37mServer running on http://localhost:3333[39m
2021-02-20 20:42:15:4215 [37mdebug[39m: [37mServer running on http://localhost:3333[39m
2021-02-20 20:42:56:4256 [37mdebug[39m: [37mServer running on http://localhost:3333[39m
2021-02-20 20:46:32:4632 [37mdebug[39m: [37mServer running on http://localhost:3333[39m
2021-02-20 20:47:10:4710 [37mdebug[39m: [37mServer running on http://localhost:3333[39m
2021-02-20 20:51:43:5143 [37mdebug[39m: [37mServer running on http://localhost:3333[39m
2021-02-20 20:51:59:5159 [37mdebug[39m: [37mServer running on http://localhost:3333[39m
2021-02-20 20:53:51:5351 [37mdebug[39m: [37mServer running on http://localhost:3333[39m
2021-02-20 20:54:14:5414 [37mdebug[39m: [37mServer running on http://localhost:3333[39m
2021-02-20 20:54:27:5427 [31merror[39m: [31mCliente não encontrado[39m
2021-02-20 20:55:17:5517 [37mdebug[39m: [37mServer running on http://localhost:3333[39m
2021-02-20 20:55:51:5551 [37mdebug[39m: [37mServer running on http://localhost:3333[39m
2021-02-20 20:56:15:5615 [37mdebug[39m: [37mServer running on http://localhost:3333[39m
2021-02-20 20:56:28:5628 [31merror[39m: [31mCliente não encontrado[39m
